 ****** PrimeSim HSPICE -- T-2022.06-3 linux64 (Aug 04 2022 7739753) ******
  Copyright (c) 1986 - 2025 by Synopsys, Inc. All Rights Reserved.
  This software and the associated documentation are proprietary
  to Synopsys, Inc. This software may only be used in accordance
  with the terms and conditions of a written license agreement with
  Synopsys, Inc. All other use, reproduction, or distribution of
  this software is strictly prohibited.
  Input File: step6c_jayakishan.sp                                              
  Command line options: /opt/synopsys/hspice/hspice/T-2022.06-3/hspice/linux64/hspice step6c_jayakishan.sp -o step6c_jayakishan
  Start time: Fri Oct 24 19:11:46 2025
 lic:  
 lic: FLEXlm: SDK_12.10 
 lic: USER:   gjayakishan          HOSTNAME: vlsicad.ecs.umass.edu 
 lic: HOSTID: 13ac8554             PID:      1876584 
 lic: Using FLEXlm license file: 
 lic: 27020@vlsicad.ecs.umass.edu 
 lic: Checkout 1 hspice 
 lic: License/Maintenance for hspice will expire on 09-sep-2027/2025.06 
 lic: 1(in_use)/50(total) FLOATING license(s) on SERVER 27020@vlsicad.ecs.umass.edu 
 lic:   
  **warning** (XOR_X1-post-layout.sp:31) Parameter fw is ignored
  **warning** (XOR_X1-post-layout.sp:22) Global net name "gnd" in subckt pin list. The pin will be connected to the local net. Recommend to not use global net names in subckt pin lists.
  **warning** multiple output options specified, using post
  **info** (step6c_jayakishan.sp:34) DC voltage reset to initial transient source value in source 0:vphi. new dc=0.0000D+00
  **warning** (step6c_jayakishan.sp:28) Both nodes of element vsssrc are connected together; Line ignored.
  **warning** (g45n1svt:xcomb.mnm23 (XOR_X1-post-layout.sp:31)) Warning:  Acde = 0.276941 may be too small in BSIM4 model with w=2.4e-07 l=4.5e-08.
             
 Summary of Linear Res Distribution Info
 ---------------------------------------
 |Range          |Total     |Percent(%)|
 |---------------+----------+----------|
 |1e-03  ~  1e-02|15        |4.8544    |
 |1e-02  ~  1e-01|7         |2.2654    |
 |1e-01  ~  1e+00|114       |36.8932   |
 |1e+00  ~  1e+03|173       |55.9871   |
 ---------------------------------------
              
             
 Summary of Linear Cap Distribution Info
 ---------------------------------------
 |Range          |Total     |Percent(%)|
 |---------------+----------+----------|
 |1e-22  ~  1e-21|1         |0.0803    |
 |1e-20  ~  1e-19|9         |0.7223    |
 |1e-19  ~  1e-18|171       |13.7239   |
 |1e-18  ~  1e-17|594       |47.6726   |
 |1e-17  ~  1e-16|435       |34.9117   |
 |1e-16  ~  1e-15|36        |2.8892    |
 ---------------------------------------
              
             
 Summary of Detailed RC Type Statistics
 -------------------------
 |Element Type|Number    |
 |------------+----------|
 |Constant Res|309       |
 |            |          |
 |Constant Cap|1246      |
 -------------------------
              
  
      
 **info** set option symb=1 internally to help for convergence.
 *****************************************************************
 ******  option summary
 ******
 runlvl  = 3         bypass  = 2.0000    
  Opening plot unit= 15
 file=step6c_jayakishan.pa0

 **info** dc convergence successful at Newton-Raphson method 
1****** PrimeSim HSPICE -- T-2022.06-3 linux64 (Aug 04 2022 7739753) ******
 ******  
 *==================== step6_final_good.sp (step 6.3 clean pass case, no hold fail) ====================

 ****** operating point information tnom=  25.000 temp=  25.000 ******
 ****** operating point status is voltage   simulation time is   0.000e+00
    node    =voltage      node    =voltage      node    =voltage

 +0:cin     = 1.100e+00 0:cout    = 1.196e-04 0:phi     = 0.000e+00
 +0:rst     = 0.000e+00 0:sout    = 3.907e-03 0:vdd     = 1.100e+00
 +1:cin#1   = 1.100e+00 1:cin#10  = 1.100e+00 1:cin#2   = 1.100e+00
 +1:cin#3   = 1.100e+00 1:cin#4   = 1.100e+00 1:cin#5   = 1.100e+00
 +1:cin#6   = 1.100e+00 1:cin#8   = 1.100e+00 1:cin#9   = 1.100e+00
 +1:cout#1  = 1.196e-04 1:cout#10 = 1.196e-04 1:cout#11 = 1.196e-04
 +1:cout#12 = 1.196e-04 1:cout#13 = 1.196e-04 1:cout#2  = 1.155e-04
 +1:cout#3  = 1.197e-04 1:cout#4  = 1.197e-04 1:cout#5  = 1.205e-04
 +1:cout#6  = 1.197e-04 1:cout#7  = 1.197e-04 1:cout#8  = 1.196e-04
 +1:cout#9  = 1.196e-04 1:gnd#1   = 4.359e-08 1:gnd#10  = 3.050e-07
 +1:gnd#11  = 6.308e-07 1:gnd#12  = 1.334e-06 1:gnd#13  = 7.723e-07
 +1:gnd#14  = 7.877e-08 1:gnd#15  = 4.266e-06 1:gnd#16  = 1.020e-07
 +1:gnd#17  = 2.402e-06 1:gnd#18  = 1.297e-04 1:gnd#19  = 1.269e-08
 +1:gnd#2   = 6.762e-07 1:gnd#20  = 2.721e-08 1:gnd#21  = 8.907e-09
 +1:gnd#22  = 8.856e-09 1:gnd#23  = 0.000e+00 1:gnd#24  = 1.221e-08
 +1:gnd#25  = 2.397e-08 1:gnd#26  = 2.397e-08 1:gnd#27  = 3.021e-08
 +1:gnd#28  = 3.286e-08 1:gnd#29  = 0.000e+00 1:gnd#3   = 3.263e-06
 +1:gnd#30  = 8.855e-09 1:gnd#31  = 1.919e-08 1:gnd#32  = 1.919e-08
 +1:gnd#33  = 2.989e-08 1:gnd#34  = 3.432e-08 1:gnd#35  = 3.647e-08
 +1:gnd#36  = 3.647e-08 1:gnd#37  = 0.000e+00 1:gnd#38  = 6.062e-07
 +1:gnd#39  = 6.136e-07 1:gnd#4   = 6.697e-07 1:gnd#40  = 6.136e-07
 +1:gnd#41  = 6.209e-07 1:gnd#42  = 6.327e-07 1:gnd#5   = 4.535e-08
 +1:gnd#56  = 6.689e-08 1:gnd#6   = 3.358e-07 1:gnd#7   = 9.107e-07
 +1:gnd#8   = 5.938e-08 1:gnd#9   = 4.164e-08 1:net1    = 4.711e-05
 +1:net1#10 = 4.680e-05 1:net1#11 = 4.675e-05 1:net1#13 = 4.674e-05
 +1:net1#14 = 4.594e-05 1:net1#15 = 4.673e-05 1:net1#2  = 4.691e-05
 +1:net1#3  = 4.691e-05 1:net1#4  = 4.682e-05 1:net1#5  = 4.682e-05
 +1:net1#6  = 4.709e-05 1:net1#7  = 4.682e-05 1:net1#8  = 4.682e-05
 +1:net1#9  = 4.677e-05 1:net10   = 8.498e-01 1:net10#2 = 8.498e-01
 +1:net10#3 = 8.498e-01 1:net10#4 = 8.498e-01 1:net10#5 = 8.498e-01
 +1:net10#6 = 8.498e-01 1:net12   = 2.297e-05 1:net12#2 = 2.379e-05
 +1:net12#3 = 2.389e-05 1:net12#4 = 2.471e-05 1:net12#5 = 2.387e-05
 +1:net12#6 = 2.381e-05 1:net13   = 1.100e+00 1:net13#2 = 1.100e+00
 +1:net13#3 = 1.100e+00 1:net13#4 = 1.100e+00 1:net13#5 = 1.100e+00
 +1:net13#6 = 1.100e+00 1:net13#7 = 1.100e+00 1:net13#8 = 1.100e+00
 +1:net13#9 = 1.100e+00 1:net14   = 1.100e+00 1:net14#10= 1.100e+00
 +1:net14#11= 1.100e+00 1:net14#12= 1.100e+00 1:net14#2 = 1.100e+00
 +1:net14#3 = 1.100e+00 1:net14#4 = 1.100e+00 1:net14#5 = 1.100e+00
 +1:net14#6 = 1.100e+00 1:net14#7 = 1.100e+00 1:net14#8 = 1.100e+00
 +1:net14#9 = 1.100e+00 1:net18   = 1.100e+00 1:net18#10= 1.100e+00
 +1:net18#11= 1.100e+00 1:net18#12= 1.100e+00 1:net18#2 = 1.100e+00
 +1:net18#3 = 1.100e+00 1:net18#4 = 1.100e+00 1:net18#5 = 1.100e+00
 +1:net18#6 = 1.100e+00 1:net18#7 = 1.100e+00 1:net18#8 = 1.100e+00
 +1:net18#9 = 1.100e+00 1:net2    = 1.100e+00 1:net2#10 = 1.100e+00
 +1:net2#11 = 1.100e+00 1:net2#12 = 1.100e+00 1:net2#13 = 1.100e+00
 +1:net2#14 = 1.100e+00 1:net2#15 = 1.100e+00 1:net2#16 = 1.100e+00
 +1:net2#17 = 1.100e+00 1:net2#18 = 1.100e+00 1:net2#19 = 1.100e+00
 +1:net2#2  = 1.100e+00 1:net2#20 = 1.100e+00 1:net2#21 = 1.100e+00
 +1:net2#22 = 1.100e+00 1:net2#25 = 1.100e+00 1:net2#3  = 1.100e+00
 +1:net2#5  = 1.100e+00 1:net2#6  = 1.100e+00 1:net2#7  = 1.100e+00
 +1:net2#8  = 1.100e+00 1:net2#9  = 1.100e+00 1:net21   = 8.285e-02
 +1:net21#2 = 8.285e-02 1:net21#3 = 8.285e-02 1:net21#4 = 8.285e-02
 +1:net21#5 = 8.285e-02 1:net21#6 = 8.285e-02 1:net27   = 2.505e-01
 +1:net27#2 = 2.505e-01 1:net27#3 = 2.505e-01 1:net27#5 = 2.505e-01
 +1:net27#6 = 2.505e-01 1:net27#7 = 2.505e-01 1:net27#8 = 2.505e-01
 +1:net27#9 = 2.505e-01 1:net3    = 7.561e-05 1:net3#10 = 7.580e-05
 +1:net3#12 = 7.501e-05 1:net3#13 = 7.497e-05 1:net3#14 = 7.494e-05
 +1:net3#15 = 7.499e-05 1:net3#16 = 7.500e-05 1:net3#2  = 7.517e-05
 +1:net3#3  = 7.520e-05 1:net3#4  = 7.517e-05 1:net3#5  = 7.517e-05
 +1:net3#6  = 7.536e-05 1:net3#7  = 7.493e-05 1:net3#8  = 7.236e-05
 +1:net3#9  = 7.496e-05 1:net33   = 1.938e-05 1:net33#2 = 2.005e-05
 +1:net33#3 = 1.933e-05 1:net33#4 = 1.867e-05 1:net33#5 = 1.935e-05
 +1:net33#6 = 1.937e-05 1:net37   = 8.473e-01 1:net37#2 = 8.473e-01
 +1:net37#3 = 8.473e-01 1:net37#4 = 8.473e-01 1:net37#5 = 8.473e-01
 +1:net37#6 = 8.473e-01 1:net4    = 1.100e+00 1:net4#10 = 1.100e+00
 +1:net4#11 = 1.100e+00 1:net4#12 = 1.100e+00 1:net4#13 = 1.100e+00
 +1:net4#14 = 1.100e+00 1:net4#2  = 1.100e+00 1:net4#3  = 1.100e+00
 +1:net4#4  = 1.100e+00 1:net4#5  = 1.100e+00 1:net4#6  = 1.100e+00
 +1:net4#7  = 1.100e+00 1:net4#9  = 1.100e+00 1:net5    = 1.100e+00
 +1:net5#10 = 1.100e+00 1:net5#2  = 1.100e+00 1:net5#3  = 1.100e+00
 +1:net5#4  = 1.100e+00 1:net5#5  = 1.100e+00 1:net5#6  = 1.100e+00
 +1:net5#8  = 1.100e+00 1:net5#9  = 1.100e+00 1:net6    = 1.100e+00
 +1:net6#10 = 1.100e+00 1:net6#11 = 1.100e+00 1:net6#13 = 1.100e+00
 +1:net6#2  = 1.100e+00 1:net6#3  = 1.100e+00 1:net6#4  = 1.100e+00
 +1:net6#5  = 1.100e+00 1:net6#6  = 1.100e+00 1:net6#7  = 1.100e+00
 +1:net6#8  = 1.100e+00 1:net6#9  = 1.100e+00 1:net7    = 1.100e+00
 +1:net7#2  = 1.100e+00 1:net7#3  = 1.100e+00 1:net7#4  = 1.100e+00
 +1:net7#5  = 1.100e+00 1:net7#6  = 1.100e+00 1:net7#7  = 1.100e+00
 +1:net7#9  = 1.100e+00 1:net8    = 9.278e-01 1:net8#10 = 9.278e-01
 +1:net8#11 = 9.278e-01 1:net8#12 = 9.278e-01 1:net8#13 = 9.278e-01
 +1:net8#14 = 9.278e-01 1:net8#15 = 9.278e-01 1:net8#2  = 9.278e-01
 +1:net8#3  = 9.278e-01 1:net8#4  = 9.278e-01 1:net8#5  = 9.278e-01
 +1:net8#6  = 9.278e-01 1:net8#8  = 9.278e-01 1:net8#9  = 9.278e-01
 +1:phi#1   = 5.695e-07 1:phi#2   = 8.171e-08 1:phi#3   = 8.790e-08
 +1:phi#4   = 6.726e-09 1:phi#5   = 5.413e-09 1:phi#6   = 1.174e-08
 +1:phi#8   = 4.433e-10 1:rst#1   = 9.364e-08 1:rst#2   = 8.233e-08
 +1:rst#3   = 3.646e-07 1:sout#1  = 3.908e-03 1:sout#10 = 3.778e-03
 +1:sout#11 = 3.907e-03 1:sout#12 = 3.960e-03 1:sout#13 = 3.907e-03
 +1:sout#14 = 3.907e-03 1:sout#15 = 3.907e-03 1:sout#16 = 3.907e-03
 +1:sout#17 = 3.907e-03 1:sout#2  = 3.907e-03 1:sout#24 = 3.907e-03
 +1:sout#3  = 3.907e-03 1:sout#4  = 3.907e-03 1:sout#5  = 3.907e-03
 +1:sout#6  = 3.907e-03 1:sout#8  = 3.907e-03 1:sout#9  = 3.905e-03
 +1:vdd#1   = 1.100e+00 1:vdd#10  = 1.100e+00 1:vdd#11  = 1.100e+00
 +1:vdd#12  = 1.100e+00 1:vdd#13  = 1.100e+00 1:vdd#14  = 1.100e+00
 +1:vdd#15  = 1.100e+00 1:vdd#16  = 1.100e+00 1:vdd#17  = 1.100e+00
 +1:vdd#18  = 1.100e+00 1:vdd#19  = 1.100e+00 1:vdd#2   = 1.100e+00
 +1:vdd#20  = 1.100e+00 1:vdd#21  = 1.100e+00 1:vdd#22  = 1.100e+00
 +1:vdd#23  = 1.100e+00 1:vdd#24  = 1.100e+00 1:vdd#25  = 1.100e+00
 +1:vdd#26  = 1.100e+00 1:vdd#27  = 1.099e+00 1:vdd#28  = 1.100e+00
 +1:vdd#29  = 1.100e+00 1:vdd#3   = 1.100e+00 1:vdd#30  = 1.100e+00
 +1:vdd#32  = 1.100e+00 1:vdd#33  = 1.100e+00 1:vdd#34  = 1.100e+00
 +1:vdd#35  = 1.100e+00 1:vdd#36  = 1.100e+00 1:vdd#37  = 1.100e+00
 +1:vdd#38  = 1.100e+00 1:vdd#39  = 1.100e+00 1:vdd#4   = 1.100e+00
 +1:vdd#40  = 1.100e+00 1:vdd#41  = 1.100e+00 1:vdd#42  = 1.100e+00
 +1:vdd#43  = 1.100e+00 1:vdd#44  = 1.100e+00 1:vdd#45  = 1.100e+00
 +1:vdd#46  = 1.100e+00 1:vdd#47  = 1.100e+00 1:vdd#48  = 1.100e+00
 +1:vdd#49  = 1.100e+00 1:vdd#5   = 1.100e+00 1:vdd#50  = 1.100e+00
 +1:vdd#51  = 1.100e+00 1:vdd#52  = 1.100e+00 1:vdd#53  = 1.100e+00
 +1:vdd#54  = 1.100e+00 1:vdd#6   = 1.100e+00 1:vdd#7   = 1.100e+00
 +1:vdd#8   = 1.100e+00 1:vdd#9   = 1.100e+00

 ******
 *==================== step6_final_good.sp (step 6.3 clean pass case, no hold fail) ====================

 ****** transient analysis tnom=  25.000 temp=  25.000 ******
 tphi2= 2.0150e-09
 trst1= 2.0650e-09
 d_rst_phi= 5.0000e-11
 sout_dly_c2= 1.0408e-09  targ= 3.0558e-09   trig= 2.0150e-09
 early_flag= 0.0000e+00

          ***** job concluded
 ******  
 *==================== step6_final_good.sp (step 6.3 clean pass case, no hold fail) ====================

 ****** job statistics summary tnom=  25.000 temp=  25.000 ******
  
 ******  Machine Information  ******
 CPU:
 model name	: Intel(R) Xeon(R) Silver 4216 CPU @ 2.10GHz
 cpu MHz	: 3200.000
 CPU(s)		: 64
  
 OS:
 Linux version 4.18.0-553.16.1.el8_10.x86_64 (mockbuild@x86-64-01.build.eng.rdu2.redhat.com) (gcc version 8.5.0 20210514 (Red Hat 8.5.0-22) (GCC)) #1 SMP Thu Aug 1 04:16:12 EDT 2024

 System loadavg : 0.52 0.65 0.71 2/2503 1876587


  ******  PrimeSim HSPICE Threads Information  ******

  Command Line Threads Count :     1
  Available CPU Count        :    64
  Actual Threads Count       :     1


  ****** Statistics of Ignored Elements ******
  Voltage Sources :       1

  ******  Circuit Statistics  ******
  # nodes       =     458 # elements   =    1591
  # resistors   =     309 # capacitors =    1246 # inductors   =       0
  # mutual_inds =       0 # vccs       =       0 # vcvs        =       0
  # cccs        =       0 # ccvs       =       0 # volt_srcs   =       4
  # curr_srcs   =       0 # diodes     =       0 # bjts        =       0
  # jfets       =       0 # mosfets    =      32 # U elements  =       0
  # T elements  =       0 # W elements =       0 # B elements  =       0
  # S elements  =       0 # P elements =       0 # va device   =       0
  # vector_srcs =       0 # N elements =       0


  ******  Runtime Statistics (seconds)  ******

  analysis           time    # points   tot. iter  conv.iter
  op point           0.02           1          54
  transient          0.22        6001         807         306 rev=        20
  readin             0.02
  errchk             0.01
  setup              0.01
  output             0.00


           peak memory used        514.24 megabytes
           total cpu time            0.27 seconds
           total elapsed time        0.33 seconds
           job started at     19:11:46 10/24/2025
           job ended   at     19:11:46 10/24/2025
           job total runtime         0.33 seconds


 lic: Release hspice token(s) 
 lic: total license checkout elapse time:        0.04(s)
