 ****** PrimeSim HSPICE -- T-2022.06-3 linux64 (Aug 04 2022 7739753) ******
  Copyright (c) 1986 - 2025 by Synopsys, Inc. All Rights Reserved.
  This software and the associated documentation are proprietary
  to Synopsys, Inc. This software may only be used in accordance
  with the terms and conditions of a written license agreement with
  Synopsys, Inc. All other use, reproduction, or distribution of
  this software is strictly prohibited.
  Input File: step5_jayakishan.sp                                               
  Command line options: /opt/synopsys/hspice/hspice/T-2022.06-3/hspice/linux64/hspice step5_jayakishan.sp -o step5_0.5GHz
  Start time: Fri Oct 24 14:33:53 2025
 lic:  
 lic: FLEXlm: SDK_12.10 
 lic: USER:   gjayakishan          HOSTNAME: vlsicad.ecs.umass.edu 
 lic: HOSTID: 13ac8554             PID:      1781883 
 lic: Using FLEXlm license file: 
 lic: 27020@vlsicad.ecs.umass.edu 
 lic: Checkout 1 hspice 
 lic: License/Maintenance for hspice will expire on 09-sep-2027/2025.06 
 lic: 1(in_use)/50(total) FLOATING license(s) on SERVER 27020@vlsicad.ecs.umass.edu 
 lic:   
  **warning** (step3_jayakishan.vec:1) unknown command ".vecformat" is ignored
  **warning** (step3_jayakishan.vec:2) unknown command ".vecorder" is ignored
  **warning** (step3_jayakishan.vec:3) unknown command ".idelay" is ignored
  **warning** (step3_jayakishan.vec:4) unknown command ".trise" is ignored
  **warning** (step3_jayakishan.vec:5) unknown command ".tfall" is ignored
  **warning** (step3_jayakishan.vec:6) unknown command ".period" is ignored
  **warning** (step3_jayakishan.vec:12) unknown command ".endvec" is ignored
  **warning** (XOR_X1-post-layout.sp:31) Parameter fw is ignored
  **warning** (step5_jayakishan.sp:33) Unrecognized output type for vdd in .print or .probe; The line is ignored.
  **warning** (XOR_X1-post-layout.sp:22) Global net name "gnd" in subckt pin list. The pin will be connected to the local net. Recommend to not use global net names in subckt pin lists.
  **warning** multiple output options specified, using post
  **info** (step5_jayakishan.sp:18) DC voltage reset to initial transient source value in source 0:vphi. new dc=0.0000D+00
  **warning** (step5_jayakishan.sp:17) Both nodes of element vss are connected together; Line ignored.
  **warning** (g45n1svt:xcomb.mnm23 (XOR_X1-post-layout.sp:31)) Warning:  Acde = 0.276941 may be too small in BSIM4 model with w=2.4e-07 l=4.5e-08.
             
 Summary of Linear Res Distribution Info
 ---------------------------------------
 |Range          |Total     |Percent(%)|
 |---------------+----------+----------|
 |1e-03  ~  1e-02|15        |4.8387    |
 |1e-02  ~  1e-01|7         |2.2581    |
 |1e-01  ~  1e+00|115       |37.0968   |
 |1e+00  ~  1e+03|173       |55.8065   |
 ---------------------------------------
              
             
 Summary of Linear Cap Distribution Info
 ---------------------------------------
 |Range          |Total     |Percent(%)|
 |---------------+----------+----------|
 |1e-22  ~  1e-21|1         |0.0804    |
 |1e-20  ~  1e-19|9         |0.7235    |
 |1e-19  ~  1e-18|171       |13.7460   |
 |1e-18  ~  1e-17|594       |47.7492   |
 |1e-17  ~  1e-16|435       |34.9678   |
 |1e-16  ~  1e-15|34        |2.7331    |
 ---------------------------------------
              
             
 Summary of Detailed RC Type Statistics
 -----------------------------------------------
 |Element Type                      |Number    |
 |----------------------------------+----------|
 |Constant Res                      |309       |
 |Linear Behavioral(Temperature) Res|1         |
 |                                  |          |
 |Constant Cap                      |1244      |
 -----------------------------------------------
              
  
             
 Warning:'No DC path nodes' occurs 14 times
 No DC path from the following nodes,connected with gdcpath:
 -------------------------
 |Node        |Subckt    |
 |------------+----------|
 |cin         |0         |
 |rst         |0         |
 |xcomb.cin#1 |xor_x1    |
 |xcomb.cin#10|xor_x1    |
 |xcomb.cin#2 |xor_x1    |
 |xcomb.cin#3 |xor_x1    |
 |xcomb.cin#4 |xor_x1    |
 |xcomb.cin#5 |xor_x1    |
 |xcomb.cin#6 |xor_x1    |
 |xcomb.cin#8 |xor_x1    |
 -------------------------
              
             
 Warning:'1 connection nodes' occurs 1 times
 Summary of 1 connection from the following nodes:
 -----------------------
 |Node      |Subckt    |
 |----------+----------|
 |1         |0         |
 -----------------------
              
      
 **info** set option symb=1 internally to help for convergence.
 *****************************************************************
 ******  option summary
 ******
 runlvl  = 3         bypass  = 2.0000    
  Opening plot unit= 15
 file=step5_0.5GHz.pa0

 **info** dc convergence successful at Newton-Raphson method 
1****** PrimeSim HSPICE -- T-2022.06-3 linux64 (Aug 04 2022 7739753) ******
 ******  
 *==================== step5_jayakishan.sp ====================

 ****** operating point information tnom=  25.000 temp=  25.000 ******
 ****** operating point status is voltage   simulation time is   0.000e+00
    node    =voltage      node    =voltage      node    =voltage

 +0:1       = 0.000e+00 0:cin     = 5.176e-01 0:cout    = 4.437e-05
 +0:phi     = 0.000e+00 0:rst     = 5.908e-01 0:sout    = 3.918e-03
 +0:vdd     = 1.100e+00 1:cin#1   = 5.176e-01 1:cin#10  = 5.176e-01
 +1:cin#2   = 5.176e-01 1:cin#3   = 5.176e-01 1:cin#4   = 5.176e-01
 +1:cin#5   = 5.176e-01 1:cin#6   = 5.176e-01 1:cin#8   = 5.176e-01
 +1:cin#9   = 5.176e-01 1:cout#1  = 4.439e-05 1:cout#10 = 4.437e-05
 +1:cout#11 = 4.437e-05 1:cout#12 = 4.440e-05 1:cout#13 = 4.437e-05
 +1:cout#2  = 4.304e-05 1:cout#3  = 4.443e-05 1:cout#4  = 4.443e-05
 +1:cout#5  = 4.500e-05 1:cout#6  = 4.443e-05 1:cout#7  = 4.443e-05
 +1:cout#8  = 4.295e-05 1:cout#9  = 4.436e-05 1:gnd#1   = 4.360e-08
 +1:gnd#10  = 3.000e-06 1:gnd#11  = 2.550e-05 1:gnd#12  = 2.620e-05
 +1:gnd#13  = 2.318e-04 1:gnd#14  = 8.818e-06 1:gnd#15  = 6.394e-06
 +1:gnd#16  = 5.012e-06 1:gnd#17  = 1.512e-05 1:gnd#18  = 1.424e-04
 +1:gnd#19  = 1.269e-08 1:gnd#2   = 6.762e-07 1:gnd#20  = 2.721e-08
 +1:gnd#21  = 2.036e-06 1:gnd#22  = 6.199e-07 1:gnd#23  = 0.000e+00
 +1:gnd#24  = 1.221e-08 1:gnd#25  = 2.398e-08 1:gnd#26  = 2.398e-08
 +1:gnd#27  = 3.022e-08 1:gnd#28  = 3.287e-08 1:gnd#29  = 0.000e+00
 +1:gnd#3   = 2.821e-03 1:gnd#30  = 5.993e-07 1:gnd#31  = 1.296e-06
 +1:gnd#32  = 1.296e-06 1:gnd#33  = 2.018e-06 1:gnd#34  = 2.026e-06
 +1:gnd#35  = 2.026e-06 1:gnd#36  = 2.026e-06 1:gnd#37  = 0.000e+00
 +1:gnd#38  = 1.333e-05 1:gnd#39  = 1.945e-05 1:gnd#4   = 7.712e-05
 +1:gnd#40  = 1.945e-05 1:gnd#41  = 2.549e-05 1:gnd#42  = 3.807e-05
 +1:gnd#5   = 2.026e-06 1:gnd#56  = 5.000e-06 1:gnd#6   = 2.032e-06
 +1:gnd#7   = 9.110e-07 1:gnd#8   = 5.939e-08 1:gnd#9   = 2.052e-06
 +1:net1    = 4.712e-05 1:net1#10 = 4.681e-05 1:net1#11 = 4.677e-05
 +1:net1#13 = 4.675e-05 1:net1#14 = 4.596e-05 1:net1#15 = 4.675e-05
 +1:net1#2  = 4.693e-05 1:net1#3  = 4.693e-05 1:net1#4  = 4.683e-05
 +1:net1#5  = 4.683e-05 1:net1#6  = 4.711e-05 1:net1#7  = 4.683e-05
 +1:net1#8  = 4.683e-05 1:net1#9  = 4.678e-05 1:net10   = 4.344e-05
 +1:net10#2 = 4.439e-05 1:net10#3 = 4.337e-05 1:net10#4 = 4.242e-05
 +1:net10#5 = 4.339e-05 1:net10#6 = 4.342e-05 1:net12   = 2.297e-05
 +1:net12#2 = 2.379e-05 1:net12#3 = 2.390e-05 1:net12#4 = 2.472e-05
 +1:net12#5 = 2.388e-05 1:net12#6 = 2.381e-05 1:net13   = 1.095e+00
 +1:net13#2 = 1.095e+00 1:net13#3 = 1.095e+00 1:net13#4 = 1.095e+00
 +1:net13#5 = 1.095e+00 1:net13#6 = 1.095e+00 1:net13#7 = 1.095e+00
 +1:net13#8 = 1.095e+00 1:net13#9 = 1.095e+00 1:net14   = 1.089e+00
 +1:net14#10= 1.089e+00 1:net14#11= 1.089e+00 1:net14#12= 1.089e+00
 +1:net14#2 = 1.089e+00 1:net14#3 = 1.089e+00 1:net14#4 = 1.089e+00
 +1:net14#5 = 1.089e+00 1:net14#6 = 1.089e+00 1:net14#7 = 1.089e+00
 +1:net14#8 = 1.089e+00 1:net14#9 = 1.089e+00 1:net18   = 6.028e-01
 +1:net18#10= 6.028e-01 1:net18#11= 6.028e-01 1:net18#12= 6.028e-01
 +1:net18#2 = 6.028e-01 1:net18#3 = 6.028e-01 1:net18#4 = 6.028e-01
 +1:net18#5 = 6.028e-01 1:net18#6 = 6.028e-01 1:net18#7 = 6.028e-01
 +1:net18#8 = 6.028e-01 1:net18#9 = 6.028e-01 1:net2    = 1.330e-02
 +1:net2#10 = 1.340e-02 1:net2#11 = 1.331e-02 1:net2#12 = 1.331e-02
 +1:net2#13 = 1.330e-02 1:net2#14 = 1.330e-02 1:net2#15 = 1.330e-02
 +1:net2#16 = 1.330e-02 1:net2#17 = 1.330e-02 1:net2#18 = 1.330e-02
 +1:net2#19 = 1.330e-02 1:net2#2  = 1.330e-02 1:net2#20 = 1.330e-02
 +1:net2#21 = 1.330e-02 1:net2#22 = 1.330e-02 1:net2#25 = 1.330e-02
 +1:net2#3  = 1.330e-02 1:net2#5  = 1.330e-02 1:net2#6  = 1.307e-02
 +1:net2#7  = 1.330e-02 1:net2#8  = 1.331e-02 1:net2#9  = 1.331e-02
 +1:net21   = 8.285e-02 1:net21#2 = 8.285e-02 1:net21#3 = 8.285e-02
 +1:net21#4 = 8.285e-02 1:net21#5 = 8.285e-02 1:net21#6 = 8.285e-02
 +1:net27   = 2.505e-01 1:net27#2 = 2.505e-01 1:net27#3 = 2.505e-01
 +1:net27#5 = 2.505e-01 1:net27#6 = 2.505e-01 1:net27#7 = 2.505e-01
 +1:net27#8 = 2.505e-01 1:net27#9 = 2.505e-01 1:net3    = 8.931e-01
 +1:net3#10 = 8.943e-01 1:net3#12 = 8.931e-01 1:net3#13 = 8.931e-01
 +1:net3#14 = 8.931e-01 1:net3#15 = 8.931e-01 1:net3#16 = 8.931e-01
 +1:net3#2  = 8.931e-01 1:net3#3  = 8.931e-01 1:net3#4  = 8.931e-01
 +1:net3#5  = 8.931e-01 1:net3#6  = 8.931e-01 1:net3#7  = 8.931e-01
 +1:net3#8  = 8.903e-01 1:net3#9  = 8.931e-01 1:net33   = 6.397e-03
 +1:net33#2 = 6.620e-03 1:net33#3 = 6.379e-03 1:net33#4 = 6.156e-03
 +1:net33#5 = 6.385e-03 1:net33#6 = 6.392e-03 1:net37   = 1.330e-02
 +1:net37#2 = 1.330e-02 1:net37#3 = 1.330e-02 1:net37#4 = 1.330e-02
 +1:net37#5 = 1.330e-02 1:net37#6 = 1.330e-02 1:net4    = 1.100e+00
 +1:net4#10 = 1.100e+00 1:net4#11 = 1.100e+00 1:net4#12 = 1.100e+00
 +1:net4#13 = 1.100e+00 1:net4#14 = 1.100e+00 1:net4#2  = 1.100e+00
 +1:net4#3  = 1.100e+00 1:net4#4  = 1.100e+00 1:net4#5  = 1.100e+00
 +1:net4#6  = 1.100e+00 1:net4#7  = 1.100e+00 1:net4#9  = 1.100e+00
 +1:net5    = 1.100e+00 1:net5#10 = 1.100e+00 1:net5#2  = 1.100e+00
 +1:net5#3  = 1.100e+00 1:net5#4  = 1.100e+00 1:net5#5  = 1.100e+00
 +1:net5#6  = 1.100e+00 1:net5#8  = 1.100e+00 1:net5#9  = 1.100e+00
 +1:net6    = 1.100e+00 1:net6#10 = 1.100e+00 1:net6#11 = 1.100e+00
 +1:net6#13 = 1.100e+00 1:net6#2  = 1.100e+00 1:net6#3  = 1.100e+00
 +1:net6#4  = 1.100e+00 1:net6#5  = 1.100e+00 1:net6#6  = 1.100e+00
 +1:net6#7  = 1.100e+00 1:net6#8  = 1.100e+00 1:net6#9  = 1.100e+00
 +1:net7    = 1.100e+00 1:net7#2  = 1.100e+00 1:net7#3  = 1.100e+00
 +1:net7#4  = 1.100e+00 1:net7#5  = 1.100e+00 1:net7#6  = 1.100e+00
 +1:net7#7  = 1.100e+00 1:net7#9  = 1.100e+00 1:net8    = 9.278e-01
 +1:net8#10 = 9.278e-01 1:net8#11 = 9.278e-01 1:net8#12 = 9.278e-01
 +1:net8#13 = 9.278e-01 1:net8#14 = 9.278e-01 1:net8#15 = 9.278e-01
 +1:net8#2  = 9.278e-01 1:net8#3  = 9.278e-01 1:net8#4  = 9.278e-01
 +1:net8#5  = 9.278e-01 1:net8#6  = 9.278e-01 1:net8#8  = 9.278e-01
 +1:net8#9  = 9.278e-01 1:phi#1   = 5.695e-07 1:phi#2   = 8.171e-08
 +1:phi#3   = 8.790e-08 1:phi#4   = 6.726e-09 1:phi#5   = 5.413e-09
 +1:phi#6   = 1.174e-08 1:phi#8   = 4.433e-10 1:rst#1   = 5.908e-01
 +1:rst#2   = 5.908e-01 1:rst#3   = 5.908e-01 1:sout#1  = 3.919e-03
 +1:sout#10 = 3.789e-03 1:sout#11 = 3.918e-03 1:sout#12 = 3.971e-03
 +1:sout#13 = 3.918e-03 1:sout#14 = 3.918e-03 1:sout#15 = 3.918e-03
 +1:sout#16 = 3.918e-03 1:sout#17 = 3.918e-03 1:sout#2  = 3.918e-03
 +1:sout#24 = 3.918e-03 1:sout#3  = 3.918e-03 1:sout#4  = 3.918e-03
 +1:sout#5  = 3.918e-03 1:sout#6  = 3.918e-03 1:sout#8  = 3.918e-03
 +1:sout#9  = 3.917e-03 1:vdd#1   = 1.100e+00 1:vdd#10  = 1.100e+00
 +1:vdd#11  = 1.100e+00 1:vdd#12  = 1.100e+00 1:vdd#13  = 1.100e+00
 +1:vdd#14  = 1.100e+00 1:vdd#15  = 1.100e+00 1:vdd#16  = 1.100e+00
 +1:vdd#17  = 1.100e+00 1:vdd#18  = 1.100e+00 1:vdd#19  = 1.100e+00
 +1:vdd#2   = 1.100e+00 1:vdd#20  = 1.100e+00 1:vdd#21  = 1.100e+00
 +1:vdd#22  = 1.100e+00 1:vdd#23  = 1.100e+00 1:vdd#24  = 1.100e+00
 +1:vdd#25  = 1.100e+00 1:vdd#26  = 1.100e+00 1:vdd#27  = 1.099e+00
 +1:vdd#28  = 1.100e+00 1:vdd#29  = 1.100e+00 1:vdd#3   = 1.099e+00
 +1:vdd#30  = 1.100e+00 1:vdd#32  = 1.100e+00 1:vdd#33  = 1.100e+00
 +1:vdd#34  = 1.100e+00 1:vdd#35  = 1.100e+00 1:vdd#36  = 1.100e+00
 +1:vdd#37  = 1.100e+00 1:vdd#38  = 1.100e+00 1:vdd#39  = 1.100e+00
 +1:vdd#4   = 1.098e+00 1:vdd#40  = 1.100e+00 1:vdd#41  = 1.100e+00
 +1:vdd#42  = 1.100e+00 1:vdd#43  = 1.100e+00 1:vdd#44  = 1.100e+00
 +1:vdd#45  = 1.100e+00 1:vdd#46  = 1.100e+00 1:vdd#47  = 1.100e+00
 +1:vdd#48  = 1.100e+00 1:vdd#49  = 1.100e+00 1:vdd#5   = 1.100e+00
 +1:vdd#50  = 1.100e+00 1:vdd#51  = 1.100e+00 1:vdd#52  = 1.100e+00
 +1:vdd#53  = 1.100e+00 1:vdd#54  = 1.100e+00 1:vdd#6   = 1.100e+00
 +1:vdd#7   = 1.100e+00 1:vdd#8   = 1.100e+00 1:vdd#9   = 1.099e+00

 ******
 *==================== step5_jayakishan.sp ====================

 ****** transient analysis tnom=  25.000 temp=  25.000 ******
 pavg= 5.9400e-05  from= 5.0000e-10     to= 3.0000e-09

          ***** job concluded
 ******  
 *==================== step5_jayakishan.sp ====================

 ****** job statistics summary tnom=  25.000 temp=  25.000 ******
  
 ******  Machine Information  ******
 CPU:
 model name	: Intel(R) Xeon(R) Silver 4216 CPU @ 2.10GHz
 cpu MHz	: 3200.000
 CPU(s)		: 64
  
 OS:
 Linux version 4.18.0-553.16.1.el8_10.x86_64 (mockbuild@x86-64-01.build.eng.rdu2.redhat.com) (gcc version 8.5.0 20210514 (Red Hat 8.5.0-22) (GCC)) #1 SMP Thu Aug 1 04:16:12 EDT 2024

 System loadavg : 0.37 0.30 0.22 2/1701 1781886


  ******  PrimeSim HSPICE Threads Information  ******

  Command Line Threads Count :     1
  Available CPU Count        :    64
  Actual Threads Count       :     1


  ****** Statistics of Ignored Elements ******
  Voltage Sources :       1

  ******  Circuit Statistics  ******
  # nodes       =     459 # elements   =    1589
  # resistors   =     310 # capacitors =    1245 # inductors   =       0
  # mutual_inds =       0 # vccs       =       0 # vcvs        =       0
  # cccs        =       0 # ccvs       =       0 # volt_srcs   =       2
  # curr_srcs   =       0 # diodes     =       0 # bjts        =       0
  # jfets       =       0 # mosfets    =      32 # U elements  =       0
  # T elements  =       0 # W elements =       0 # B elements  =       0
  # S elements  =       0 # P elements =       0 # va device   =       0
  # vector_srcs =       0 # N elements =       0


  ******  Runtime Statistics (seconds)  ******

  analysis           time    # points   tot. iter  conv.iter
  op point           0.02           1         108
  transient          0.15        3001         559         216 rev=        16
  readin             0.02
  errchk             0.01
  setup              0.00
  output             0.00


           peak memory used        514.13 megabytes
           total cpu time            0.21 seconds
           total elapsed time        0.26 seconds
           job started at     14:33:53 10/24/2025
           job ended   at     14:33:53 10/24/2025
           job total runtime         0.26 seconds


 lic: Release hspice token(s) 
 lic: total license checkout elapse time:        0.04(s)
